<?xml version="1.0" encoding="UTF-8"?>
<!-- Generated by org.testng.reporters.JUnitReportReporter -->
<testsuite skipped="0" hostname="desktop-linux-anh-le" name="web_drive.Topic_03_Xpath_Css" tests="3" failures="0" timestamp="02 Oct 2021 09:23:14 GMT" time="14.106" errors="0">
  <testcase name="TC_02_ValidatePageTitle" time="0.660" classname="web_drive.Topic_03_Xpath_Css"/>
  <testcase name="TC_01_ValidateCurrentUrl" time="12.716" classname="web_drive.Topic_03_Xpath_Css"/>
  <testcase name="TC_03_LoginFormDisplayed" time="0.730" classname="web_drive.Topic_03_Xpath_Css"/>
</testsuite> <!-- web_drive.Topic_03_Xpath_Css -->
