<?xml version="1.0" encoding="UTF-8"?>
<!-- Generated by org.testng.reporters.JUnitReportReporter -->
<testsuite skipped="0" hostname="desktop-linux-anh-le" name="web_drive.Topic_01_Check_" tests="3" failures="0" timestamp="04 Sep 2021 09:46:28 GMT" time="0.107" errors="0">
  <testcase name="TC_03_LoginFormDisplayed" time="0.095" classname="web_drive.Topic_01_Check_"/>
  <testcase name="TC_02_ValidatePageTitle" time="0.003" classname="web_drive.Topic_01_Check_"/>
  <testcase name="TC_01_ValidateCurrentUrl" time="0.009" classname="web_drive.Topic_01_Check_"/>
</testsuite> <!-- web_drive.Topic_01_Check_ -->
